indigestion remedy
omega-3/fish oil
ctsu
aludrox
dijex
diovol fruit flavour suspension
droxalin
gelusil
phazyme
altacaps
andursil
prodexin
siloxyl
simeco
kolantyl
robinul
piperidolate hydrochloride
dactil
emetrol
libraxin
nulacin
titralac
eumydrin
belladonna mixture
magnesium trisilicate+belladonna
alka-donna
bellocarb
neutradonna
biogastrone
duogastrone
cellucon
cologel
alvercol
dulcodos
arobon
fybranta
lejfibre
trifyba
dioctyl
senokot
alophen
opobyl
bismodyne
lasonil
laxoberal
beojex
enema
anacal
cotazym
chenocedon
centyl
urizide
enduron
aluzine
brinaldix k
esidrex k
hygroton k
navidrex-k
diuresal
frumax
diatensec
laractone
co-amilozide
pren
betadren
metoros
kiditard
quinicardine
bedranol
laracor
decaserpyl
hypercal
rauwiloid
serpasil
abicol
hypercal-b
natirose
isoket
rautrax
serpasil-esidrex
esbatal
capozide
vascardin
cardiacap
calcicard
cyclospasmol
defencin
duvadilan
vasad
calcipine
synadrin
bamethan sulphate
pernivit
oxedrine tartrate
sympatol
dextrothyroxine sodium
choloxin
asmaven
cobutolin
vasyrol
dicynene
ruthmol salt
selora
ro-a-vit
vitamin a+d
halycitrol
paxadon
benerva
aluzyme
lipoflavonoid
tonivitan
wallachol
calcimax
ce-cobalin
dalivit
minamino
orovite
surbex-t
verdiviton elixir
vi-daylin
vitavel elixir
calcium+vitamin d
chocovite
sterogyl
tachyrol
ephynal
multivitamins
allbee with c capsule
mobilan
butazolidin
tolectin ds
myocrisin
magnesium trisalicylate
sodium salicylate
ibumetin
paxofen
indoflex
indolar
aloral
aluline
hamarin
mestinon
finalgon
norflex
ananase forte
lachesine chloride
pilocarp
soframycin
pimafucin
merocaine
dermacare
cortacream
nybadex
temetex
synandone
silderm
tigason
antraderm
dome-acne cream
dome-acne lotion
salbulin
salbuvent
isoetharine hydrochloride
numotac
aleudrin
nebuliser
theodrox
sabidal
pro-vent
aerolin
monovent
bronchodil
theograd
biophylline
bextasol
alupent expectorant
asma-vydrin
bricanyl
elixir
iso-brovon
duo
nethaprin dospan m/r
alunex
benadryl
histryl
lergoban
anthisan
actidil
nethaprin expectorant
noradran
organidin
rubelix
tercolix
benylin decongestant
alevaire
bromhexine hydrochloride
bisolvon
mucolex
dextromethorphan hydrobromide
cosylan
dimyril
congesteze
atensine
evacalm
valium
anxon
almazine
tenavoid
paxane
dormonoct
noctamid
nitrados
somnite
surem
halcion
alupram
centrax
fortunan
veractil
integrin
moditen enanthate
amytal
phanodorm
sodium amytal
noludar
evadyne
pacitron
villescon
durophet
nilstim
praminil
marsilid
limbitrol
teronac
paynocil
levius
palaprin forte
calpol six plus
panadol
panasorb
panaleve
meclozine hydrochloride
ancoloxin
metox
metramid
torecan
claradin
laboprin
cafadol
solpadeine forte
syndol
veganin
duromorph
hypon
formulix
calpol
medocodeine
myolgin
norgesic
panadeine
panadeine forte
paradeine
pharmidone
safapryn
safapryn-co
solpadeine
dromoran
cns
nydrane
luminal
pethilorfan
dihydroergotamine mesylate
dihydergot
ep
mantadine
penicillin
benzathine penicillin
phenethicillin
distaquaine v-k
distaquaine
econocil vk
bentex
crystapen
stabillin v-k
v-cil-k
v-cil-k paediatric
depocillin
britcin
penbritin
vidopen
dicapen
unasyn
calthor
baypen
orbenin
celbenin
temopen
amoxidin
amoxil
almodan
amfipen
keflex-c
keflin
kefadol
azactam
achromycin
pondocillin
miraxid
pondocillin plus
talpen
galenamox
ticar
timentin
selexidin
selexid
tetrex
aureomycin
clomocycline sodium
cidomycin
genticin
lugacin
kannasyn
arpimycin
erythrolar
ilotycin
ledermycin
doxatet
vibramycin
chemocycline
galenomycin
unimycin
lincocin
chloromycetin
madribon
gantrisin
sulphaguanidine
suspension
syraprim
mynah
bactrim paediatric
bactrim
comox
comox forte
laratrim
septrin paediatric
septrin
calcium sulphaloxate
enteromide
thalazole
rifadin
rimactazid
elyzol
teflox
vira-a
camoquin
malarivon
metrolyl
nidazol
fasigyn
comprecin
naxogin
antepar
ascalix
yomesan
alcopar
banocide
gondafon
pramidex
glucotard
lejguar
eudemine
cortelan
oradexon
dimelor
libanil
delta-phoricol
deltalone
depo-provera
gestone
mixogen
prempak
controvlar
sintisone
econosone
ovestin
quinestradol
pentovis
estrovis
genotropin
di-sipidin
salcatonin
thytropar
deca-durabolin
durabolin
nystavescent
lynoestrenol
minilyn
hormofemin
daktarin
monistat
anovlar-21
gynovalr-21
minovlar
terodiline hydrochloride
terolin
micturin
phenazopyridine hydrochloride
pyridium
emepronium bromide
cetiprin
phenylpropanolamine hydrochloride
endoxana
kelferon
ferromyn
ironorm
folic
niferex
ironedetate na
feospan-z m/r
ferrograd-c
ferromyn-s
galfer-vit
medroxyprogest
masteril
noltam
gevral
givitol
irofol-c
pregnavite forte f
sodium chloride+glucose
neo-cytamen
hepacon b12
k-contin continus
leo-k
micro-k
nu-k
nitrophenol
nystan
akrotherm
omnopon
totamol
arbralene
corgard
apsolox
trasicor
oxyprenix
kerlone
labrocol
trandate
betaloc
lopresor
mepranix
visken
beta-cardone
metoprolol tartrate+chlorthalidone
nadolol+bendrofluazide
secadrex
penbutolol sulphate+frusemide
pindolol+clopamide
tenoret
tenoretic
sotalol hydrochloride+hydrochlorothiazide
trasidrex
timolol maleate+co-amilozide
viskaldix
timolol maleate+bendrofluazide
atenixco
sotacor
betim
blocadren
co-betaloc
corgaretic
inderetic
inderex
lasipressin
lopresoretic
metoprolol tartrate+hydrochlorothiazide
moducren
prestim
propranolol hydrochloride+bendrofluazide
acebutolol+hydrochlorothiazide
atenolol+nifedipine
monocor
catapres
aldomet
emcor
celectol
apresoline
loniten
dopamet
medomet
methyldopa+hydrochlorothiazide
dibenyline
hypovase
alphavase
hytrin
bendogen
declinax
ismelin
baratol
tiltab
cardura
zestril
quinalapril+hydrochlorothiazide
acepril
captopril+hydrochlorothiazide
innovace
innozide
enalapril maleate+hydrochlorothiazide
coversyl
coro-nitro
nitrolingual
nitrocontin
suscard
nitro-dur
sustac
staril
vascace
gopten
odrik
deponit
percutol
nitro
imtack
ismo
durule
elantan
mono-cedocard
glytrin
minitran
cedocard-5
isordil
sorbichew
sorbid
mycardol
adalat
nifensar xl
coracten
tildiem
adizem
dilzem
cardene
prescal
istin
manoplax
motens
bradilan
hexopal
ronicol
trental
opilon
paroven
praxilene
saventrine
corwin
calciparine
minihep calcium
uniparin-ca
monoparin-ca
fragmin
clexane
innohep
logiparin
dindevan
persantin
cerebrovase
cyklokapron
colestid
lopid
lurselle
maxepa
olbetam
lipid lowering drug
bezalip
bezalip-mono
questran
atromid-s
lipostat
ventolin
salamol
diskhaler
modalim
volmax
ventolin cr
maxivent
berotec
exirel
pulmadil
serevent
brelomax
respacal
atrovent
phyllocontin
pecram
bambec
epi
adrenaline acid tartrate
iso
alupent
amnivent
choledyl
duovent
franol
ephedrine hydrochloride+theophylline
becloforte
becotide
filair
nuelin
lasma
slo-phyllin
theo-dur
uniphyllin
aerobec
beclazone
sodium cromoglycate
ventide
pulmicort ls
cromogen
aerocrom
dimotane
chlorpheniramine maleate
piriton
periactin
fenostil retard
zaditen
tilade mint
hismanal
optimine
nytol
fabahistin
primalan
vallergan
semprex
zirtek
clarityn
daneral
phenergan
triludan
linctus
ammonia+ipecacuanha mixture
fabrol
mucodyne
visclair
menthol+benzoin
expectorant elixir
sudafed
sudafed co
noctec
welldorm
chlormethiazole
heminevrin
guanor expectorant
histalix
phensedyl linctus
sudafed expectorant
terpoin
actifed
dimotapp
rohypnol
dalmane
triclofos sodium
rimapam
diazemuls
dialar
mogadon
remnos
normison
tropium
trancopal
potassium clorazepate
tranxene
atarax
ucerax
xanax
lexotan
librium
ativan
nobrium
amylobarb sodium+quinalbarb sodium
chloractil
largactil
equanil
buspar
seconal sodium
soneryl
timecef
laboprin dl
ladropen
lithofalk
cartrol
actonorm
norplant
pr-heat spray aerosol
distaclor
dovonex
climagest
danaparoid sodium
orgaran
provera
valclair
zovirax chickenpox
solvent
flixotide
klaricid
antipressan
timpron
famvir
normegon
kytril
epimaz
xatral
mycobutin
testotop
monuril
aridil
introna
dostinex
pulmozyme
monuril paediatric
lescol
zestoretic
continus
combivent
tinaderm
tinaderm plus
histafen
tropergen
loperagen
amphocil
terfinax
torem
carace 10 plus
fortum
stilnoct
diluent
bisoprolol fumarate+hydrochlorothiazide
lisinopril+hydrochlorothiazide
fenoterol+ipratropium
salbutamol+ipratropium
zydol
cheracol elixir
dried yeast
anti-inflammatory prep
gastron
piptal
piptalin
nacton
pro-banthine
spasmonal
alverine citrate+sterculia
fomac
fybogel mebeverine
gaviscon
maalox
maalox plus
topal
ambutonium bromide
dicyclomine hydrochloride
kolanticon
merbentyl
hyoscine butylbromide
buscopan
mebeverine hcl+ispaghula
colpermin
mintec
gastrozepin
de-noltab
tripotassium dicitratobismuthate
dyspamet
galenamet
peptimax
zita
ultec
pyrogastrone
imodium
asacol
pentasa
salofalk
axid
cytotec
liquid
lomotil
nalcrom
sulphasalazine
salazopyrin
dulco-lax
normax
sodium picosulphate
picolax
paraffin
dipentum
proctofibe
metamucil
regulan
celevac
duphalac
regulose
anusol
predsol
klean-prep
citramag
veripaque
carbalax
retention enema
perinal
chendol
nutrizym 10
panzytrat-25000
high lipase
lanoxin
chenofalk
destolit
ursofalk
rowachol
combidol
muripsin
creon
pancrex
digitaline nativelle
cedilanid
medigoxin
lanitop
hydrenox
baycaron
metenix
xuret
nephril
diurexan
aprinox
berkozide
neo-naclex
hygroton
navidrex
esidrex
dryptal
frusid
edecrin
arelix
midamor
amilospare
berkamil
potassium canrenoate
aldactone
lasix
burinex
spirospare
spiretic
spiroctan
spirolone
triamterene+benzthiazide
triamterene+chlorthalidone
triamterene+frusemide
navispare
triamaxco
dytac
frumil
lasilactone
moduret
amiloride hcl+cyclopenthiazide
amiloride hydrochloride+bumetanide
burinex k
centyl k
lasikal
neo-naclex k
bumetanide+potassium
bendrofluazide+potassium
securon
geangin
frusemide+potassium
cordarone
cordilox
rythmodan
pronestyl
tonocard
arythmol
ethmozine
tambocor
beta-adrenoceptor blocking drug
angilol
cardinol
tenormin
vasaten
apsolol
propanix
betadur cr
beta-prograne
berkolol
half-betadur cr
half-inderal la
inderal
anquil
droleptan
serenace
nozinan
neulactil
depixol
moditen
dozic
haldol
fentazin
rideril
stelazine
dolmatil
melleril
triperidol
clopixol
fluphenazine decanoate
loxapac
roxiam
camcolit
liskonum
priadel
litarex
redeptin
piportil depot
domical
pertofran
prothiaden
prepadine
dothapax
elavil
lentizol
tryptizol
anafranil
tofranil
prondol
concordin
surmontil
vivalan
ludiomil
bolvidon
norval
allegron
aventyl
asendis
nardil
marplan
faverin
prozac
lustral
volital
prolintane hydrochloride+vitamins b+c
dexedrine
manerix
motival
parstelin
triptafen
amitriptyline+chlordiazepoxide
fluphenazine hydrochloride+nortriptyline
fluphenazine hcl+nortriptyline
tranylcypromine+trifluoperazine
amitriptyline hydrochloride+perphenazine
fluanxol
tenuate dospan
ponderax
dramamine
motilium
scopoderm
mygdalon
parmid
duromine
adifax
stugeron
primperan
cesamet
avomine
prepulsid
alimix
zofran
navoban
stemetil
vertigon
proziere
aspav
doloxene
equagesic
paracetamol+chlormezanone
paracetamol+pentazocine
aspirin+methocarbamol
paracodol
robaxisal forte
baby+infant suspension
pameton
alvedon
paracetamol+methionine
medinol
synflex
acupan
decortisyl
climaval
premarin
piperazine oestrone sulphate
harmogen
ledercort
progynova
estrapak
vagifem
gestanin
duphaston
syntex menophase
nuvelle
androcur
pro-viron
primoteston depot
restandol
sustanon 100
proluton depot
primolut-n
utovlan
cyclogest
proscar
stromba
clomid
serophene
miacalcic
disodium etidronate
didronel
disodium pamidronate
sodium clodronate
loron
bonefos
pitressin
calsynar
parlodel
modrenal
glucobay
prostin e2
lh-rh
metopirone
danol
dimetriose
mifegyne
yutopar
dienoestrol
ortho-gynest
prostin
ecostatin
gyno-pevaryl
dalacin
marvelon
mercilon
ethinyloestradiol+desogestrel
conova
ethinyloestradiol+ethynodiol diacetate
eugynon
logynon
microgynon
ovran
trinordiol
pevaryl
daktarin combipack pessary+cream
gyno-daktarin
femeron
ethinyloestradiol+levonorgestrel
binovum
brevinor
norimin
ovysmen
synphase
medroxyprogesterone
neogest
micronor
noristerat
loestrin
ethinyloestradiol+norethisterone acetate
femodene
cilest
ethinyloestradiol+norgestimate
norinyl
mestranol+norethisterone
norgeston
myotonine
cystrin
potassium bicarbonate+citric acid
cystopurin
cymalon
rowatinex
ubretid
urispas
ditropan
estracyt
alkeran
myelobromol
myleran
zavedos
fluoro-uracil
efudix
vepesid
puri-nethol
maxtrex
lanvis
azamune
immunoprin
berkaprine
natulan
razoxane
razoxin
honvan
depostat
kit
farlutal
nolvadex
tamofen
emblon
oestrifen
zoladex
sandostatin
megace
orimeten
cyprostat
drogenil
feospan
ferrograd
fefol
ferrocap-f
ferrocontin folic
ferrograd folic
folex-350
meterfolic
pregaday
fersaday
fergon
plesmet
ferrous sulphate
lexpec
calcium leucovorin
refolinon
sytron
fefol-vit
fefol z
ferrocap
folicin
jectofer
cobalin
cytacon
anapolon-50
kay-cee-l
kloref
sando-k
slow-k
calcium resonium
eprex
ketovite
calcium-sandoz
ossopan
sandocal
solvazinc
zincomed
calcidrink
calcisorb
benadon
redoxon
rocaltrol
vitamins b+c
potassium aminobenzoate
potaba
vitamin b compound
becosym
becosym forte
vigranon b
calcium carbonate+cholecalciferol
unicap m
trientine dihydrochloride
benoral
synkavit
konakion
vitamins
voltarol
rhumalgan
lodine
lederfen
fenbuzip
fenopron
volraman
valenac
diclozip
arthrotec
isclofen
dolobid
arthrofen
artracin
imbrilon
indocid
apsifen
ebufac
cuprofen
isisfen
fenbid
lidifen
codafen
junifen
motrin
ibumed
rimafen
rimacid
indomod
indomax
dysman
contraflam
laraflex
naprosyn
rheuflex
valrox
pranoxen
orudis
oruvail
ketovail
ponstan
arthroxen
rimoxyn
nycopren
larapam
pirozip
flamatrol
clinoril
prosaid
napratec
butacote
butazone
feldene
tylex
solpadol
remedeine forte
sevredol
oramorph
temgesic
cyclimorph 10
cyclimorph 15
dipipanone+cyclizine
physeptone
diagesil
pamergan p100
narphen
ergotamine tartrate+caffeine
dixarit
clonidine hydrochloride
deseril
sanomigran
migraleve duopack
migraleve
paramax
aspirin+metoclopramide
paracetamol+metoclopramide
cafergot
tegretol
epanutin
pentran
mysoline
rivotril
zarontin
prominal
epilim
convulex
neurontin
orlept
sabril
lamictal
nootropil
brocadopa
larodopa
madopar
eldepryl
revanil
celance
artane
broflex
sinemet-ls
half-sinemet
biorphen
disipal
cogentin
nimotop
antabuse
akineton
tremonil
arpicolin
kemadrin
nitoman
britlofex
floxapen
floxapen forte
stafoxil
galfloxin
rimapen
amoxymed
augmentin
rimacillin
amrit
amopen
flemoxin
pipril
tazocin
amoram
ampiclox
magnapen
ambaxin
amix
rimoxallin
pyopen
uticillin
securopen
baxan
saline
cefizox
zinacef
zinnat
claforan
mefoxin
monaspor
kefzol
velosef
ceporex
keflex
primaxin
economycin
sustamycin
tetrabid-organon
tetracycline+procaine
doxylar
nordox
vibramycin-d
suprax
minocin
blemix
nivemycin
mycifradin
netillin
nebcin
berkmycen
imperacin
oxymycin
terramycin
oxytetramix
mysteclin
tetracycline+nystatin
ilosone forte
retcin
erythroped
zithromax
dalacin c
erythroped forte
erymax
erythroped pi
erythrocin
rommix
erythromid
erythromid ds
ilosone
eradacin
kemicetine
matrigel
vancocin
co-trimoxazole
colomycin
colistin sulphate
colistin sulphomethate sodium
colistin sulphomethate na
sodium fusidate
fucidin
buffer
bactrim adult suspension
paediatric suspension
fectrim
fectrim forte
monotrim
tiempe
trimogal
trimopan
triprimix
capastat
myambutol
mynah-300
septrin forte
septrin adult suspension
comixco
kelfizine
sulphadimidine
rimifon
zinamide
lamprene
pessary
flagyl
flagyl s
vaginyl
zadstat
rimactane
rifinah
metrozol
ciproxin
tarivid
furadantin
macrodantin
urantoin
macrobid
cinobac
hiprex
negram
amphotericin
fungilin
fungizone
ambisome
alcobon
nystatin dome
sporanox
fulcin
grisovin
nizoral
zovirax
paludrine
daraprim
fansidar
maloprim
pyrimethamine+dapsone
pyrimethamine+sulfadoxine
zovirax shingles pack
pranobex
imunovir
cymevene
nivaquine
lariam
halfan
entamizole
mintezol
pentacarinat
pentostam
vermox
combantrin
glibenese
minodiab
glurenorm
tolanase
rastinon
glucophage
orabet
daonil
semi-daonil
malix
calabren
diamicron
guarem
florinef
betnelan
betnesol
cortistab
cortisyl
decadron
tertroxin
thyroxine sodium
neo-mercazole
deltacortril
deltastab
precortisyl
prednesol
hydrocortistab
hydrocortone
medrone
emflex
pendramine
relifex
mobiflex
plaquenil
ridaura
lioresal
baclospas
carisoma
dantrium
robaxin
caplenal
cosuric
zyloric
xanthomax
rimapurinol
benemid
anturan
prostigmin
bp
dubam
algesal cream
algipan
balmosa
cremalgin
salonair
difflam
movelat
diamox
acetylcholine chloride
dexa-rhinaspray
locabiotal
bradosol
oralcer lozenge
calgel dental gel
clioquinol+ascorbic acid
orabase
corlan lozenge
dequacaine
teejel
bonjela
labosept
merocet mouthwash
hydrous wool fat
flexible collodion bp
benzalkonium chloride+dimethicone
dermidex
cod liver oil+zinc oxide
pyrrolidone carboxylic acid
bocosan mouthwash
thymol glycerin
glandosane
saliva orthana
salivix
porcine
mucin+xylitol
cetomacrogol
alpha tocopheryl acetate
cetrimide
dermacort
bath oil
calamine
calamine+arachis oil
multivitamin+mineral
feroglobin b12
calcium polystyrene sulphonate
sodium polystyrene sulphonate
halibut-liver oil
vitamin c+a+d
abidec
minadex sugar-free
steripod blue
proflex
relcofen
pacifene
migrafen
ibrufhalal
voltarene
voltaren retard
cinopal
fepron
methyl salicylate bp
transvasin
heparinoid+salicylic acid
radian b
ralgex
codeine phosphate
eye drops
intra-ocular irrigation
benzocaine+menthol
lipobase
diprobase
nutraplus
calmurid
regular bath additive
aveeno
balneum plus bath oil
emulsiderm
zeasorb
eczederm
eurax
ultrabase
cream
unguentum merck
conotrane
siopel
sprilon
vasogen
alcoderm
calendolon
vaseline dermacare
keri
lacticare
morhulin
oilatum
humiderm
hydromol
sudocrem
caladryl
alphosyl
carbo-dome
tarcortin
clinitar
exolan
salatac
phytocil
posalfilin
brasivol no.1
ionax
acetoxyl
acnegel
nericur
panoxyl
benzagel
acnegel forte
gelcotar
pragmatar
psoriderm
psorigel
alphosyl hc
carbo-cort
anthranol
dithrocream
dithrocream forte
dithrocream hp
dithrolan
psorin
benoxyl
benoxyl 10
panoxyl 5 aquagel
panoxyl 10 aquagel
quinoped
quinoderm
lenium
pentrax
bactroban
flamazine
canesten
acnidazil
miconazole nitrate
eskamel
retin-a
skinoren
actinac
isotrex
warticon
condyline
exelderm
mycota
trosyl
loceryl nail lacquer
loceryl
corsodyl
eludril
anhydrol forte
driclor
tolnaftate+benzalkonium chloride
tolnaftate+chlorhexidine hydrochloride
mycil
tineafax
liquid+pack
hyoscine hydrobromide
codalax
docusate sodium
sodium citrate enema
golytely
antiemetic
gastrese-la
synergel
evoxin
mercuric oxide
amylobarbitone sodium
lanacort
coal tar paste bp
coal tar distillate
bath emulsion
coal tar+lecithin
dithranol+urea
dithranol+salicylic acid
oxy 5
oxy 10
benzoyl peroxide+miconazole nitrate
benzoyl perox+potassium hydroxyquin sulphate
valderma active
benzoyl perox+potass hydroxyquinoline sulph
sulphur+salicylic acid
topicycline
epogam
efamast
neotigason
zineryt
stiemycin
erythromycin+zinc acetate
salicylic acid+lactic acid
warticon fem solution
urea+lactic acid
dalacin t
roaccutane
benzoyl perox+potassium hydroxyquinoline sulphate
masnoderm
nystaform
cicatrin
polybactrin
tribiotic spray
graneodin
polymyxin b sulphate+bacitracin zinc
tinaderm-m
nystatin+tolnaftate
nystatin+chlorhexidine hydrochloride
zinc undecenoate+undecenoic acid
aluminium acetate
metrogel
iduridin
virudox
idoxuridine (in dimethylsulphoxide)
influenza vaccine
secaderm
rapifen
meptid
operidine
toradol
omnopon paediatric injection
camsilon
robinul-neostigmine
neostigmine+glycopyrronium
co-magaldrox
gastrocote
mucaine
asilone
heemex
standard tube enema
anusol hc
proctosedyl
ultraproct
xyloproct
gargle
anodesyn
normacol
diocalm
micro-enema
diocalm ultra
diareze
diarphen
de-nol
co-danthrusate
accupro
renitec
avlocardyl retard
lasix+k
zocor
oxivent
diuretic
brovon
isoprenaline sulphate
pollon-eze
calimal
sominex
seldane
cyclobarbitone
aspirin+cyclizine hydrochloride
co-beneldopa
co-careldopa
atropine sulphate
uniflu plus gregovite c
propaderm
rynacrom
aspirin+glycine
fanalgic
paracets
gastrobid continus
gastromax
seroxat
motipress
molipaxin
disprol junior
panaleve plus
backache pill
paracetamol+sodium salicylate
aspirin+codeine
enterosan
gamanil
sinequan
clozaril
orelox
dentomycin
co-amoxiclav
dihydrocodeine tartrate
bicillin
co-fluampicil
virazid
metrotop
utinor
lamisil
foscavir
expelix
ovex
framycetin sulphate+gramicidin
norzol
diprosone
betnovate
neomycin sulphate
colifoam
dioderm
lipocream
efcortelan
timodine
tri-cicatrin
fucibet
lotriderm
dermovate
eumovate
gregoderm
alphaderm
calmurid hc
potassium hydroxyquinoline
cobadex
hydrocortisone+dimethicone
canesten hc
daktacort
econacort
fucidin h
gentisone hc
nystaform-hc
quinocort
terra-cortril
livial
planapack
human menopausal gonadotrophins
cystitis remedies
ortho-dienoestrol
neo-medrone
adcortyl
tri-adcortyl
aureocort
pevaryl tc cream
travogyn
contraceptive product
brasivol no.3
hyperdol
decongestant preparation
anthical cream
methylcysteine
keralyt
bayolin
aradolene
malatex
thovaline
theraderm
natuderm
noratex
locobase
parfenac
meditar
synogist shampoo
sulphur
nestosyl
caviject
framygen
cephamycin
pevaryl tc
ethambutolol
fosfestrol
nerisone
modrasone
beclomethasone
gestronol
stiedex
elocon
uniroid
framycort
metosyn
ultradil
ultralanum
haelan
barquinol-hc
menadiol
glykola elixir
dextrolyte
antihypertensive
hydrocortisyl
co-dergocrine
optimax
rapifen concentrate
isdn - isosorbide dinitrate
ismn - isosorbide mononitrate
syntopressin
rescufolin
larafen cr
salivace sugar free spray
ferrocontin
neo-bendromax
nindaxa
videx
desmotabs
terfex
motifene
benzamycin
oragard
aller-eze
aspro
avoca
tagamet
zincosol
diaphine
losec
calcijex
cyclomin
cedax
sodium picosulfate
amipramizide
sodium thiomalate
dencyl
iocare balanced salt solution
methenamine hippurate
azt - azidothymidine
beclometasone
sodium cromoglicate
azt - azathioprine
hydroxycholecalciferol
dihydroxycholecalciferol
aveeno bath oil
biosynthetic human growth hormone
lh-rh - gonadotrophin-releasing hormone
contraceptives
placidex
medilave
neutrogena
antraderm forte
cpz - chlorpromazine
biomycin
chloramiphene
clorazepate dipotassium
antrapurol
isocaramidine
triketocholanic acid
hc - hydrocortisone
feso4 - ferrous sulphate
pen g - benzylpenicillin
parabromdylamine
disodium enoxolone
cdca - chenodeoxycholic acid
phenylpiperone
etidronate disodium
dioctyl sodium sulphosuccinate
butylscopolamine bromide
scopolamine butylbromide
b12 - hydroxocobalamin prep
propionic acid-ibuprofen
ismo - isosorbide mononitrate
sodium liothyronine
cyclonamine
iron sulphate
fusidate sodium
sodium ethacrynate
glybenclamide
5asa - mesalazine
phenadone
prindolol
pyrazinobutazone
aldadiene potassium
canrenoate potassium
eptastatin
deltahydrocortisone
fenopraine
synvinolin
velastatin
benzoxazocine
ethinylnortestosterone
azodisalicylic acid
disodium azodisalicylic acid
hydroxyphenylbutazone
dihydroxyphenylisatin
nitropentaerythrol
maoi - phenelzine
butadione
phenylhydantoin
disodium clodronate
cromolyn sodium
ikorel
cantassium vitamin b6
cantassium folic acid
cantassium vitamin e
sodium thyroxine
factor vi
maoi - tranylcypromine
ursodesoxycholic acid
udca - ursodeoxycholic acid
adh - vasopressin
sodium warfarin
hivid
lotharin
gamophase
norprolac
ibuspray
nifelease
konsyl dex
rheumacin la
nambumetone
imigran
selenium ace
slozem
modaplate
kefadim
ibuprofen+menthol
anadin
hedex
beechams
lemsip
durogesic
minogal
polyfax
menophase
b12 - cyanocobalamin prep
synalar
wellvone
white soft paraffin
efexor
beta-blocker
pixol bath and shower gel
cozaar
dental lacquer
zinga
rozex
totaretic
pripsen
sloprolol
q-mazine
evorel
pripsen worm elixir
meflam
probeta la
natramid
viraferon
valtrex
calanif
zantac
airomir
kliofem
natrasleep
maximet
fenoket
lopranol la
angeze
alka-seltzer
ritalin
tenkorex
clophene
meronem
casodex
lomexin
sulparex
relaxyl
tranquax
diclomax
ketozip cr
postmi
norphyllin
oestrogel
metazem
metrovex
dutonin
salagen
cholemin
tridestra
dynamin
cupanol
abelcet
cefrom
retinova
iopidine
dicloflex
medinex
zinc+salicylic acid
diethylamine salicylate
acitak
fentamox
glucamet
lofensaid
oprisine
piroflam
papulex
jeridin
balgifen
rovamycine
ancotil
alendronate sodium
opustan
zida-co
diocaps
cyclodox
femoston
ranitidine bismuth citrate
canesten combi pessary+cream
trusopt
m-eslon
roferon-a-2a
atenix
tilarin
arimidex
glucagen kit
menorest
co-triamterzide
co-tenidone
co-codaprin
co-codamol
co-proxamol
co-dydramol
co-amilofruse
co-prenozide
anabact
norimode
adipine
fematrix
augmentin duo
kentiazem
methodex
gtn - glyceryl trinitrate
tricalcium phosphate
ostram
zoton
eformoterol
foradil
perdix
curatoderm
femseven
vivapryl
monomax
stilline
nystamont
elleste-solo
co-methiamol
improvera
progynova ts
volsaid retard
movicol
preservex
imuderm therapeutic oil
fleet phospho-soda solution
inoven
movelat relief gel
caprin
infaderm therapeutic oil
cellcept
entocort cr
livostin
unipine
alphaparin
kentace
kiflone
kentovace
estraderm
bdp
diltiazem hcl+hydrochlorothiazide
adizem-xl plus
terfenor
mobic
diphenhydramine hydrochloride
zoxin
virovir
toepedo
benzoic acid+salicylic acid
sporanox-pulse
methadose
methadose diluent
flomax
centrapryl
hypaneze
nimodrel
zoxycil
campral
retrovir
disodium tiludronate
skelid
tramake
amilamont
medijel
dermol 500
gentian acid
tensilon
remedeine
ketanodur
topamax
nightcalm
epaderm
fareston
tensipine
serdolect
zimovane
rilutek
zonivent aquanasal
epivir
plendil
andropatch
syscor
proctocream hc
solpaflex
dil
physiotens
requip
paxidorm
neutrexin
norvir
micanol
frusemek
advil
erymin
zamadol
halciderm
zumenon
panadol ultra
paracetamol+diphenhydramine hydrochloride
panadol night
digenac
nitromin
diovan
dermonistat
slofenac
fortum monovial
fybozest orange
fortipine
cacit d3
femara
crixivan
imuran
muscinil
modisal
lomont
oralbalance
klaricid xl
lipitor
entocort
roferon-a
natrilix
flexotard
diclotard
lauromacrogols
balneum plus
calceos
altacite
anbesol adult
ecopace
dermestril
decubal
slofedipine
kaplon
palladone
zomig
cabaser
hydromorphone hydrochloride
brimonidine tartrate
donepezil hydrochloride
aricept
maxolon
jomethid
verapress
isotretinoin+erythromycin
isotrexin
ultiva
losartan potassium+hydrochlorothiazide
cozaar-comp
eurax hc
naramig
sandrena
sleepia
hypapril
raciran
viazem
evorel conti
lemlax
keftid
orovite comploment b6
cipramil
edronax
panoxyl 10
panoxyl 5
ampitrin
propanix la
flucloxin
crinone
respillin
tenkicin
zorac
daktarin dual action
genalat retard
flamatak
zispin
coltec
contimin
lodiar
ursogal
seroquel
tasmar
vibramycin acne pack
zomorph
aprovel
zanidip
isocard
urimin
urdox
zanaflex
klaricid adult
colazide
romozin
asmabec
verapamil hydrochloride
difenor xl
pardelprin
proguanil hydrochloride
ventmax
posicor
malarone
calazem
elleste duet conti
zileze
optil
chimax
chloroquine phosphate
avloclor
propatard la
amias
paracetamol+domperidone
domperamol
amaryl
zaedoc
mizollen
diclovol
singulair
dilcardia
nifedipress
tixylix catarrh
raxar
covonia bronchial balsam
covonia
respontin
benadryl allergy relief
lipantil micro
nivaten retard
monosorb
fungederm
tropiovent
tavanic
monodur
tolterodine l-tartrate
timonil retard
emollient bath oil
dexomon
acoflam
calcort
dayleve
provigil
condrotec
aspirin+papaveretum
danlax
ticlid
dinnefords teejel
prometh hcl
budenofalk
mistamine
imazin xl
mirapexin
imidapril hydrochloride
tanatril
temodal
diasorb
subutex
fenbid forte
nebilet
fortovase
differin
vitamin
unguentum m
sangcya
keral
marevan
angitak
adcal-d3
eucerin
sinemet
nurofen
vioxx
virazole
paranorm
rebetol
sustiva
galprofen
librofem
ziagen
zydol xl
calcette
privacom
neutratop
synercid
zeffix
implanon
viralief
arava
promictuline
testoderm
ethinyloestradiol+gestodene
acticin
brevoxyl
ranitic
wartex
amidox
zacin
coroday
combivir
chemydur
cystagon
eryacne
imodium plus
froop co
exorex
pinadone
phosex
colofac
docusol
rantec
qvar 50
viracept
exelon
neoral
solpadeine max
hyteneze
tensopril
zemtard
asasantin retard
teril cr
aldara
maxalt
zyprexa
isotard
plavix
oestradiol+norethisterone acetate
kliovance
cefzil
shower emollient
doxepin hydrochloride
xepin
gabitril
eucardic
bezagen xl
raloxifene hydrochloride
evista
rabeprazole sodium
ketpron xl
novonorm
xenical
bazuka
propiverine hydrochloride
detrunorm
peptac liquid
folicare
efalith
amoxy
viagra
betinex
paracetamol+diphenhydramine hcl
frusol
ethimil
mandanol
nicef
ibumousse
combitens
diaglyk
piroxicam-beta-cyclodextrin
brexidol
zelapar
vertab
zoleptil
nifopress retard
ketil cr
tixymol
soltamox
zyomet
cough lozenge
capto-co
normasol
forcaltonin
isodur
flexin continus
pralenal
oxynorm
tobi
oxycodone hydrochloride
oxycontin
aromasin
dromadol
cardicor
prograf
teveten
clivarine
dreemon
reminyl
regurin
vivazide
orgalutran
zimbacol xl
amiclav
carbagen
aknemycin plus
actos
xenazine
ferriprox
zildil
keppra
adcal
periostat
agenerase
supralip
acidex
indivina
micardis
feprapax
copaxone
almogran
fludara
irbesartan+hydrochlorothiazide
coaprovel
monomax xl
trizivir
climanor
levonelle
depakote
actiq
neoclarityn
zyvox
propain
xeloda
entrocalm
glucagen hypokit
ranzac
benadryl plus
histergan
chesteze
tixycolds
perles
pennsaid
polyvinylpyrrolidone
aloclair
povidone+sodium hyaluronate
gelclair
solution
polyvinylpyrrolidone+sodium hyaluronate
ranclav
calchan
histac
ebretin
starlix
cetraben
xismox xl
kaletra
oilatum junior
symbicort
zemret
uprima
cibral
oxactin
renagel
medocodene
trileptal
bi-carzem
levacetylmethadol hydrochloride
orlaam
candiden
ammonaps
sodium phenylbutyrate
slomon xl
risedronate sodium
actonel
migramax
co-cyprindiol
liparol xl
equasym
ibugel forte
fosamax
daktarin gold
celebrex
vitravene
seretide
dexsol
zyban
econac
closteril
colloidal bath additive
ditropan xl
adgyn medro
adgyn estro
adgyn combi
nexium
avandia
ultramol
risperdal
micropirin
ibuleve
eltroxin
zapain
aranesp
beclomethasone diprop
ranovir
arbil
zindaclin
viread
idrolax
ethinylestradiol+drospirenone
piriteze
tacrolimus monohydrate
protopic
diaquitte
concerta xl
propecia
galpharm hayfever and allergy relief
dovobet
fybogel
riamet
kineret
dynastat
rapamune
arcoxia
horizem
amoxi
amobarbital sodium
valcyte
coversyl plus
zirtek allergy
colestyramine+aspartame
novofem
triamterene+chlortalidone
calcium carbonate+colecalciferol
colistimethate sodium
colistimethate na
feverfen
pletal
filnarine
cascor
co-zidocapt
ethinylestradiol+norgestimate
ethinylestradiol+levonorgestrel
ethinylestradiol+desogestrel
ethinylestradiol+norethisterone acetate
ethinylestradiol+gestodene
pegasys
tranquilyn
mandafen
estradiol+norethisterone acetate
omacor
defanac
berlind 75 retard
feredetate na
allerief
epival cr
vfend
fluocinolone acetonide+clioquinol
spiriva
orbifen
fluocinolone acetonide+neomycin sulphate
fenactol
streflam
ipocol
memantine hydrochloride
piroxicam-betadex
ebixa
cerazette
fenpaed
soloc
fenogal
trintek
tensomex
salapin
bacticlor
actifast
tiloket cr
tiloket
xefo
metronidaz
helimet
non-decongestant formula sachet powder
vioxxacute
abtrim
bipranix
ranitil
zolvera
decubal clinic
pseudoephedrine hydrochloride
human luteinising hormone alfa
solian
xyzal
relief
ziz forte
digamex
mandalyn expectorant
ranflutin
vivadone
synastone
ketek
relpax
teril retard
ispagel
painex
targretin
canesten complete cream
monigen xl
cetirocol
vantage antihistamine
cough syrup
benquil
tracleer
viraferonpeg
invanz
tamiflu
bioxtra
rapranol
ranvera
omeran
cabren
avelox
elidel
amyben
promixin
vivacor
telmisartan+hydrochlorothiazide
micardisplus
fenox
kentipine
canesten oasis
karvol
nasciodine
simvador
felotens xl
ridaura tiltab
berocca
hydrex ds
hydrex hs
benylin four flu
tritace
gavilast-p
cancidas
sinutab
feminax
mint
crampex
niaspan
felogen
humira
benylin
diuril
avonex
phorpain
phasonit la50
carbaglu
duac
peptobismol
forsteo
felendil
keloc
hypolar retard
solpadeine plus
avandamet
stalevo
zibor
zibor 12
emtriva
mesren
nasivin
sudafed linctus
eumobase
gonapeptyl depot
monomil
emend
propain plus
dymotil
cipralex
vascalpha
rhinolast
bondronat
valni 20 retard
zanprol
conjugated oestrogens
valdic 75 retard
faslodex
nutropinaq
cuprofen plus
tramacet
sebomin
levothyroxine sodium
colloidal baby bath additive
calfovit d3
nicam
copegus
calprofen
asmanex
eumon
avodart
kerymax
trangina
metrosa
levitra
traveleeze
carmil xl
crestor
piperazine estrone sulphate
metvix
sebco
migard
ezetrol
zenoxone
hepsera
bextra
nizoral anti-dandruff
ethinylestradiol+norelgestromin
morphgesic
dandrazol
dandrazol antidandruff
anzemet
gammaderm
eccoxolac
testogel
pepcidtwo
lyrinel xl
femtab sequi
femtab
olmetec
zavesca
hayleve
allergy relief antihistamine
ibuprofen+pseudoephedrine
doxadura
thrush treatment
telfast
bendroflumethiazide+potassium
nadolol+bendroflumethiazide
timolol maleate+bendroflumethiazide
sleep aid
erythrosine
ceplac
ranzolont
triamterene+furosemide
furosemide+potassium
galsud
entrolax
zerobase
dermol
strattera
cardioplen xl
galpharm heartburn relief
lopace
tilolec
lyrica
eflornitine
vaniqa
cymalon cranberry
covonia cold & flu formula
lyflex
telzir
vesicare
oilatum fragrance free junior bath additive
amlostin
glivec
heartburn relief
myfortic
denzapine
dulbalm
acnocin
acorvio
acorvio plus
senokot hi-fibre lemon
somnwell
yentreve
ranace
zemon 40xl
galpharm flu strength all in one
paxoran
protelos
neofel xl
oilatum junior bath formula
valsartan+hydrochlorothiazide
co-diovan
raptiva
vernagel
mimpara
vantage cold relief
nebido
zaponex
parmid xl
cymbalta
neotren
abilify
estradot
887/3751
